#
# There is insufficient memory for the Java Runtime Environment to continue.
# Native memory allocation (mmap) failed to map 123731968 bytes for committing reserved memory.
# Possible reasons:
#   The system is out of physical RAM or swap space
#   In 32 bit mode, the process size limit was hit
# Possible solutions:
#   Reduce memory load on the system
#   Increase physical memory or swap space
#   Check if swap backing store is full
#   Use 64 bit Java on a 64 bit OS
#   Decrease Java heap size (-Xmx/-Xms)
#   Decrease number of Java threads
#   Decrease Java thread stack sizes (-Xss)
#   Set larger code cache with -XX:ReservedCodeCacheSize=
# This output file may be truncated or incomplete.
#
#  Out of Memory Error (os_linux.cpp:2627), pid=10309, tid=0x00007fa02d8f8700
#
# JRE version: Java(TM) SE Runtime Environment (8.0_101-b13) (build 1.8.0_101-b13)
# Java VM: Java HotSpot(TM) 64-Bit Server VM (25.101-b13 mixed mode linux-amd64 compressed oops)
# Failed to write core dump. Core dumps have been disabled. To enable core dumping, try "ulimit -c unlimited" before starting Java again
#

---------------  T H R E A D  ---------------

Current thread (0x00007fa044078000):  VMThread [stack: 0x00007fa02d7f8000,0x00007fa02d8f9000] [id=10319]

Stack: [0x00007fa02d7f8000,0x00007fa02d8f9000],  sp=0x00007fa02d8f72e0,  free space=1020k
Native frames: (J=compiled Java code, j=interpreted, Vv=VM code, C=native code)
V  [libjvm.so+0xac3f0a]  VMError::report_and_die()+0x2ba
V  [libjvm.so+0x4fbf9b]  report_vm_out_of_memory(char const*, int, unsigned long, VMErrorType, char const*)+0x8b
V  [libjvm.so+0x9222d3]  os::Linux::commit_memory_impl(char*, unsigned long, bool)+0x103
V  [libjvm.so+0x922829]  os::pd_commit_memory(char*, unsigned long, unsigned long, bool)+0x29
V  [libjvm.so+0x91cb2a]  os::commit_memory(char*, unsigned long, unsigned long, bool)+0x2a
V  [libjvm.so+0x991053]  PSVirtualSpace::expand_by(unsigned long)+0x53
V  [libjvm.so+0x981920]  PSOldGen::expand(unsigned long)+0x170
V  [libjvm.so+0x981b2b]  PSOldGen::resize(unsigned long)+0x1cb
V  [libjvm.so+0x989821]  PSParallelCompact::invoke_no_policy(bool)+0x991
V  [libjvm.so+0x98f17d]  PSScavenge::invoke()+0x1ad
V  [libjvm.so+0x945fc0]  ParallelScavengeHeap::failed_mem_allocate(unsigned long)+0x70
V  [libjvm.so+0xac5927]  VM_ParallelGCFailedAllocation::doit()+0x97
V  [libjvm.so+0xacd405]  VM_Operation::evaluate()+0x55
V  [libjvm.so+0xacb7da]  VMThread::evaluate_operation(VM_Operation*)+0xba
V  [libjvm.so+0xacbb5e]  VMThread::loop()+0x1ce
V  [libjvm.so+0xacbfd0]  VMThread::run()+0x70
V  [libjvm.so+0x924698]  java_start(Thread*)+0x108

VM_Operation (0x00007fa04c0ce600): ParallelGCFailedAllocation, mode: safepoint, requested by thread 0x00007fa04400a000


---------------  P R O C E S S  ---------------

Java Threads: ( => current thread )
  0x00007fa044186800 JavaThread "pool-2-thread-4" [_thread_blocked, id=10332, stack(0x00007fa02caeb000,0x00007fa02cbec000)]
  0x00007fa044184800 JavaThread "pool-2-thread-3" [_thread_blocked, id=10331, stack(0x00007fa02cbec000,0x00007fa02cced000)]
  0x00007fa044183800 JavaThread "pool-2-thread-2" [_thread_blocked, id=10330, stack(0x00007fa02cced000,0x00007fa02cdee000)]
  0x00007fa044176000 JavaThread "pool-3-thread-1" [_thread_blocked, id=10329, stack(0x00007fa02cdee000,0x00007fa02ceef000)]
  0x00007fa044173800 JavaThread "pool-2-thread-1" [_thread_blocked, id=10328, stack(0x00007fa02ceef000,0x00007fa02cff0000)]
  0x00007fa0440c0800 JavaThread "Service Thread" daemon [_thread_blocked, id=10326, stack(0x00007fa02d0f1000,0x00007fa02d1f2000)]
  0x00007fa0440bd800 JavaThread "C1 CompilerThread2" daemon [_thread_blocked, id=10325, stack(0x00007fa02d1f2000,0x00007fa02d2f3000)]
  0x00007fa0440bb800 JavaThread "C2 CompilerThread1" daemon [_thread_blocked, id=10324, stack(0x00007fa02d2f3000,0x00007fa02d3f4000)]
  0x00007fa0440b8800 JavaThread "C2 CompilerThread0" daemon [_thread_blocked, id=10323, stack(0x00007fa02d3f4000,0x00007fa02d4f5000)]
  0x00007fa0440b7000 JavaThread "Signal Dispatcher" daemon [_thread_blocked, id=10322, stack(0x00007fa02d4f5000,0x00007fa02d5f6000)]
  0x00007fa044084000 JavaThread "Finalizer" daemon [_thread_blocked, id=10321, stack(0x00007fa02d5f6000,0x00007fa02d6f7000)]
  0x00007fa04407f800 JavaThread "Reference Handler" daemon [_thread_blocked, id=10320, stack(0x00007fa02d6f7000,0x00007fa02d7f8000)]
  0x00007fa04400a000 JavaThread "main" [_thread_blocked, id=10314, stack(0x00007fa04bfd0000,0x00007fa04c0d1000)]

Other Threads:
=>0x00007fa044078000 VMThread [stack: 0x00007fa02d7f8000,0x00007fa02d8f9000] [id=10319]
  0x00007fa0440c3800 WatcherThread [stack: 0x00007fa02cff0000,0x00007fa02d0f1000] [id=10327]

VM state:at safepoint (normal execution)

VM Mutex/Monitor currently owned by a thread:  ([mutex/lock_event])
[0x00007fa044005e10] ExpandHeap_lock - owner thread: 0x00007fa044078000
[0x00007fa044006490] Threads_lock - owner thread: 0x00007fa044078000
[0x00007fa044006990] Heap_lock - owner thread: 0x00007fa04400a000

Heap:
 PSYoungGen      total 219136K, used 34126K [0x00000000eab00000, 0x0000000100000000, 0x0000000100000000)
  eden space 163840K, 0% used [0x00000000eab00000,0x00000000eab00000,0x00000000f4b00000)
  from space 55296K, 61% used [0x00000000fca00000,0x00000000feb538e0,0x0000000100000000)
  to   space 92672K, 0% used [0x00000000f4b00000,0x00000000f4b00000,0x00000000fa580000)
 ParOldGen       total 161792K, used 161781K [0x00000000c0000000, 0x00000000c9e00000, 0x00000000eab00000)
  object space 161792K, 99% used [0x00000000c0000000,0x00000000c9dfd710,0x00000000c9e00000)
 Metaspace       used 6439K, capacity 7220K, committed 7296K, reserved 1056768K
  class space    used 607K, capacity 620K, committed 640K, reserved 1048576K

Card table byte_map: [0x00007fa048b86000,0x00007fa048d87000] byte_map_base: 0x00007fa048586000

Marking Bits: (ParMarkBitMap*) 0x00007fa04b4a7120
 Begin Bits: [0x00007fa02e000000, 0x00007fa02f000000)
 End Bits:   [0x00007fa02f000000, 0x00007fa030000000)

Polling page: 0x00007fa04c0f0000

CodeCache: size=245760Kb used=9910Kb max_used=9915Kb free=235849Kb
 bounds [0x00007fa035000000, 0x00007fa0359c0000, 0x00007fa044000000]
 total_blobs=2604 nmethods=2335 adapters=182
 compilation: enabled

Compilation events (10 events):
Event: 9.791 Thread 0x00007fa0440bb800 nmethod 2449 0x00007fa0359a62d0 code [0x00007fa0359a6980, 0x00007fa0359ac3e8]
Event: 9.792 Thread 0x00007fa0440bb800 2519   !   4       com.android.dx.cf.code.BytecodeArray::parseInstruction (2764 bytes)
Event: 9.794 Thread 0x00007fa0440bd800 2545 % !   3       com.android.dx.cf.code.BasicBlocker::doit @ 37 (156 bytes)
Event: 9.796 Thread 0x00007fa0440bd800 nmethod 2545% 0x00007fa0359a3590 code [0x00007fa0359a3840, 0x00007fa0359a4d18]
Event: 9.796 Thread 0x00007fa0440bd800 2546       3       com.android.dx.cf.attrib.AttCode::byteLength (29 bytes)
Event: 9.797 Thread 0x00007fa0440bd800 nmethod 2546 0x00007fa0359a24d0 code [0x00007fa0359a26a0, 0x00007fa0359a3118]
Event: 9.797 Thread 0x00007fa0440bd800 2547   !   3       com.android.dx.cf.code.BasicBlocker::doit (156 bytes)
Event: 9.798 Thread 0x00007fa0440bd800 nmethod 2547 0x00007fa0359a0190 code [0x00007fa0359a0420, 0x00007fa0359a17b8]
Event: 9.926 Thread 0x00007fa0440bd800 2550   !   2       com.android.dx.dex.code.OutputFinisher::reverseBranch (73 bytes)
Event: 9.927 Thread 0x00007fa0440bd800 nmethod 2550 0x00007fa03599edd0 code [0x00007fa03599efe0, 0x00007fa03599f748]

GC Heap History (10 events):
Event: 5.696 GC heap after
Heap after GC invocations=7 (full 0):
 PSYoungGen      total 279552K, used 29679K [0x00000000eab00000, 0x0000000100000000, 0x0000000100000000)
  eden space 249856K, 0% used [0x00000000eab00000,0x00000000eab00000,0x00000000f9f00000)
  from space 29696K, 99% used [0x00000000f9f00000,0x00000000fbbfbf70,0x00000000fbc00000)
  to   space 47104K, 0% used [0x00000000fd200000,0x00000000fd200000,0x0000000100000000)
 ParOldGen       total 84992K, used 70803K [0x00000000c0000000, 0x00000000c5300000, 0x00000000eab00000)
  object space 84992K, 83% used [0x00000000c0000000,0x00000000c4524d48,0x00000000c5300000)
 Metaspace       used 6368K, capacity 7220K, committed 7296K, reserved 1056768K
  class space    used 607K, capacity 620K, committed 640K, reserved 1048576K
}
Event: 5.696 GC heap before
{Heap before GC invocations=8 (full 1):
 PSYoungGen      total 279552K, used 29679K [0x00000000eab00000, 0x0000000100000000, 0x0000000100000000)
  eden space 249856K, 0% used [0x00000000eab00000,0x00000000eab00000,0x00000000f9f00000)
  from space 29696K, 99% used [0x00000000f9f00000,0x00000000fbbfbf70,0x00000000fbc00000)
  to   space 47104K, 0% used [0x00000000fd200000,0x00000000fd200000,0x0000000100000000)
 ParOldGen       total 84992K, used 70803K [0x00000000c0000000, 0x00000000c5300000, 0x00000000eab00000)
  object space 84992K, 83% used [0x00000000c0000000,0x00000000c4524d48,0x00000000c5300000)
 Metaspace       used 6368K, capacity 7220K, committed 7296K, reserved 1056768K
  class space    used 607K, capacity 620K, committed 640K, reserved 1048576K
Event: 6.417 GC heap after
Heap after GC invocations=8 (full 1):
 PSYoungGen      total 279552K, used 8661K [0x00000000eab00000, 0x0000000100000000, 0x0000000100000000)
  eden space 249856K, 0% used [0x00000000eab00000,0x00000000eab00000,0x00000000f9f00000)
  from space 29696K, 29% used [0x00000000f9f00000,0x00000000fa7754a8,0x00000000fbc00000)
  to   space 47104K, 0% used [0x00000000fd200000,0x00000000fd200000,0x0000000100000000)
 ParOldGen       total 161792K, used 84907K [0x00000000c0000000, 0x00000000c9e00000, 0x00000000eab00000)
  object space 161792K, 52% used [0x00000000c0000000,0x00000000c52eaf08,0x00000000c9e00000)
 Metaspace       used 6368K, capacity 7220K, committed 7296K, reserved 1056768K
  class space    used 607K, capacity 620K, committed 640K, reserved 1048576K
}
Event: 7.461 GC heap before
{Heap before GC invocations=9 (full 1):
 PSYoungGen      total 279552K, used 258517K [0x00000000eab00000, 0x0000000100000000, 0x0000000100000000)
  eden space 249856K, 100% used [0x00000000eab00000,0x00000000f9f00000,0x00000000f9f00000)
  from space 29696K, 29% used [0x00000000f9f00000,0x00000000fa7754a8,0x00000000fbc00000)
  to   space 47104K, 0% used [0x00000000fd200000,0x00000000fd200000,0x0000000100000000)
 ParOldGen       total 161792K, used 84907K [0x00000000c0000000, 0x00000000c9e00000, 0x00000000eab00000)
  object space 161792K, 52% used [0x00000000c0000000,0x00000000c52eaf08,0x00000000c9e00000)
 Metaspace       used 6412K, capacity 7220K, committed 7296K, reserved 1056768K
  class space    used 607K, capacity 620K, committed 640K, reserved 1048576K
Event: 7.743 GC heap after
Heap after GC invocations=9 (full 1):
 PSYoungGen      total 285696K, used 46390K [0x00000000eab00000, 0x0000000100000000, 0x0000000100000000)
  eden space 238592K, 0% used [0x00000000eab00000,0x00000000eab00000,0x00000000f9400000)
  from space 47104K, 98% used [0x00000000fd200000,0x00000000fff4db50,0x0000000100000000)
  to   space 55296K, 0% used [0x00000000f9400000,0x00000000f9400000,0x00000000fca00000)
 ParOldGen       total 161792K, used 85147K [0x00000000c0000000, 0x00000000c9e00000, 0x00000000eab00000)
  object space 161792K, 52% used [0x00000000c0000000,0x00000000c5326f08,0x00000000c9e00000)
 Metaspace       used 6412K, capacity 7220K, committed 7296K, reserved 1056768K
  class space    used 607K, capacity 620K, committed 640K, reserved 1048576K
}
Event: 8.768 GC heap before
{Heap before GC invocations=10 (full 1):
 PSYoungGen      total 285696K, used 284982K [0x00000000eab00000, 0x0000000100000000, 0x0000000100000000)
  eden space 238592K, 100% used [0x00000000eab00000,0x00000000f9400000,0x00000000f9400000)
  from space 47104K, 98% used [0x00000000fd200000,0x00000000fff4db50,0x0000000100000000)
  to   space 55296K, 0% used [0x00000000f9400000,0x00000000f9400000,0x00000000fca00000)
 ParOldGen       total 161792K, used 85147K [0x00000000c0000000, 0x00000000c9e00000, 0x00000000eab00000)
  object space 161792K, 52% used [0x00000000c0000000,0x00000000c5326f08,0x00000000c9e00000)
 Metaspace       used 6424K, capacity 7220K, committed 7296K, reserved 1056768K
  class space    used 607K, capacity 620K, committed 640K, reserved 1048576K
Event: 8.980 GC heap after
Heap after GC invocations=10 (full 1):
 PSYoungGen      total 293888K, used 55295K [0x00000000eab00000, 0x0000000100000000, 0x0000000100000000)
  eden space 238592K, 0% used [0x00000000eab00000,0x00000000eab00000,0x00000000f9400000)
  from space 55296K, 99% used [0x00000000f9400000,0x00000000fc9ffc88,0x00000000fca00000)
  to   space 55296K, 0% used [0x00000000fca00000,0x00000000fca00000,0x0000000100000000)
 ParOldGen       total 161792K, used 110803K [0x00000000c0000000, 0x00000000c9e00000, 0x00000000eab00000)
  object space 161792K, 68% used [0x00000000c0000000,0x00000000c6c34ff0,0x00000000c9e00000)
 Metaspace       used 6424K, capacity 7220K, committed 7296K, reserved 1056768K
  class space    used 607K, capacity 620K, committed 640K, reserved 1048576K
}
Event: 9.944 GC heap before
{Heap before GC invocations=11 (full 1):
 PSYoungGen      total 293888K, used 293887K [0x00000000eab00000, 0x0000000100000000, 0x0000000100000000)
  eden space 238592K, 100% used [0x00000000eab00000,0x00000000f9400000,0x00000000f9400000)
  from space 55296K, 99% used [0x00000000f9400000,0x00000000fc9ffc88,0x00000000fca00000)
  to   space 55296K, 0% used [0x00000000fca00000,0x00000000fca00000,0x0000000100000000)
 ParOldGen       total 161792K, used 110803K [0x00000000c0000000, 0x00000000c9e00000, 0x00000000eab00000)
  object space 161792K, 68% used [0x00000000c0000000,0x00000000c6c34ff0,0x00000000c9e00000)
 Metaspace       used 6439K, capacity 7220K, committed 7296K, reserved 1056768K
  class space    used 607K, capacity 620K, committed 640K, reserved 1048576K
Event: 10.921 GC heap after
Heap after GC invocations=11 (full 1):
 PSYoungGen      total 219136K, used 55273K [0x00000000eab00000, 0x0000000100000000, 0x0000000100000000)
  eden space 163840K, 0% used [0x00000000eab00000,0x00000000eab00000,0x00000000f4b00000)
  from space 55296K, 99% used [0x00000000fca00000,0x00000000ffffa650,0x0000000100000000)
  to   space 92672K, 0% used [0x00000000f4b00000,0x00000000f4b00000,0x00000000fa580000)
 ParOldGen       total 161792K, used 147269K [0x00000000c0000000, 0x00000000c9e00000, 0x00000000eab00000)
  object space 161792K, 91% used [0x00000000c0000000,0x00000000c8fd1460,0x00000000c9e00000)
 Metaspace       used 6439K, capacity 7220K, committed 7296K, reserved 1056768K
  class space    used 607K, capacity 620K, committed 640K, reserved 1048576K
}
Event: 11.114 GC heap before
{Heap before GC invocations=12 (full 2):
 PSYoungGen      total 219136K, used 55273K [0x00000000eab00000, 0x0000000100000000, 0x0000000100000000)
  eden space 163840K, 0% used [0x00000000eab00000,0x00000000eab00000,0x00000000f4b00000)
  from space 55296K, 99% used [0x00000000fca00000,0x00000000ffffa650,0x0000000100000000)
  to   space 92672K, 0% used [0x00000000f4b00000,0x00000000f4b00000,0x00000000fa580000)
 ParOldGen       total 161792K, used 147269K [0x00000000c0000000, 0x00000000c9e00000, 0x00000000eab00000)
  object space 161792K, 91% used [0x00000000c0000000,0x00000000c8fd1460,0x00000000c9e00000)
 Metaspace       used 6439K, capacity 7220K, committed 7296K, reserved 1056768K
  class space    used 607K, capacity 620K, committed 640K, reserved 1048576K

Deoptimization events (10 events):
Event: 3.832 Thread 0x00007fa044186800 Uncommon trap: reason=bimorphic action=maybe_recompile pc=0x00007fa03577a2f8 method=com.android.dx.rop.code.RegisterSpec.withSimpleType()Lcom/android/dx/rop/code/RegisterSpec; @ 21
Event: 5.177 Thread 0x00007fa044183800 Uncommon trap: reason=unstable_if action=reinterpret pc=0x00007fa035862bb8 method=com.android.dx.rop.code.RegisterSpec.intersect(Lcom/android/dx/rop/code/RegisterSpec;Z)Lcom/android/dx/rop/code/RegisterSpec; @ 42
Event: 5.441 Thread 0x00007fa044184800 Uncommon trap: reason=unstable_if action=reinterpret pc=0x00007fa03588b090 method=java.util.BitSet.clone()Ljava/lang/Object; @ 4
Event: 6.603 Thread 0x00007fa044186800 Uncommon trap: reason=bimorphic action=maybe_recompile pc=0x00007fa035833690 method=com.android.dx.cf.code.BytecodeArray.parseInstruction(ILcom/android/dx/cf/code/BytecodeArray$Visitor;)I @ 2281
Event: 6.604 Thread 0x00007fa044186800 Uncommon trap: reason=bimorphic action=maybe_recompile pc=0x00007fa035833690 method=com.android.dx.cf.code.BytecodeArray.parseInstruction(ILcom/android/dx/cf/code/BytecodeArray$Visitor;)I @ 2281
Event: 6.670 Thread 0x00007fa044186800 Uncommon trap: reason=unstable_if action=reinterpret pc=0x00007fa0352052b8 method=java.util.HashMap.getNode(ILjava/lang/Object;)Ljava/util/HashMap$Node; @ 84
Event: 6.797 Thread 0x00007fa044173800 Uncommon trap: reason=unstable_if action=reinterpret pc=0x00007fa0357b8294 method=com.android.dx.ssa.SCCP.simulateBranch(Lcom/android/dx/ssa/SsaInsn;)V @ 548
Event: 9.148 Thread 0x00007fa044173800 Uncommon trap: reason=bimorphic action=maybe_recompile pc=0x00007fa035927428 method=com.android.dx.cf.code.BytecodeArray.parseInstruction(ILcom/android/dx/cf/code/BytecodeArray$Visitor;)I @ 1549
Event: 9.148 Thread 0x00007fa044173800 Uncommon trap: reason=bimorphic action=maybe_recompile pc=0x00007fa035927428 method=com.android.dx.cf.code.BytecodeArray.parseInstruction(ILcom/android/dx/cf/code/BytecodeArray$Visitor;)I @ 1549
Event: 9.250 Thread 0x00007fa044173800 Uncommon trap: reason=unstable_if action=reinterpret pc=0x00007fa035329f40 method=com.android.dx.rop.code.RegisterSpecSet.<init>(I)V @ 2

Internal exceptions (6 events):
Event: 0.021 Thread 0x00007fa04400a000 Exception <a 'java/lang/NoSuchMethodError': Method sun.misc.Unsafe.defineClass(Ljava/lang/String;[BII)Ljava/lang/Class; name or signature does not match> (0x00000000eab07cc0) thrown at [/HUDSON3/workspace/8-2-build-linux-amd64/jdk8u101/7261/hotspot/src/sh
Event: 0.021 Thread 0x00007fa04400a000 Exception <a 'java/lang/NoSuchMethodError': Method sun.misc.Unsafe.prefetchRead(Ljava/lang/Object;J)V name or signature does not match> (0x00000000eab07fa8) thrown at [/HUDSON3/workspace/8-2-build-linux-amd64/jdk8u101/7261/hotspot/src/share/vm/prims/jni.c
Event: 1.499 Thread 0x00007fa044183800 Exception <a 'java/lang/ArrayIndexOutOfBoundsException': 18> (0x00000000eb4e2440) thrown at [/HUDSON3/workspace/8-2-build-linux-amd64/jdk8u101/7261/hotspot/src/share/vm/interpreter/interpreterRuntime.cpp, line 366]
Event: 1.499 Thread 0x00007fa044183800 Exception <a 'java/lang/ArrayIndexOutOfBoundsException': 145> (0x00000000eb4e3fc0) thrown at [/HUDSON3/workspace/8-2-build-linux-amd64/jdk8u101/7261/hotspot/src/share/vm/interpreter/interpreterRuntime.cpp, line 366]
Event: 1.501 Thread 0x00007fa044183800 Exception <a 'java/lang/ArrayIndexOutOfBoundsException': 40> (0x00000000eb4e52a8) thrown at [/HUDSON3/workspace/8-2-build-linux-amd64/jdk8u101/7261/hotspot/src/share/vm/interpreter/interpreterRuntime.cpp, line 366]
Event: 1.792 Thread 0x00007fa044184800 Implicit null exception at 0x00007fa035419f9a to 0x00007fa03541e2e1

Events (10 events):
Event: 9.855 Thread 0x00007fa044186800 DEOPT UNPACKING pc=0x00007fa035047633 sp=0x00007fa02cbe9820 mode 0
Event: 9.874 Thread 0x00007fa044183800 DEOPT PACKING pc=0x00007fa03598819a sp=0x00007fa02cdec030
Event: 9.874 Thread 0x00007fa044183800 DEOPT UNPACKING pc=0x00007fa035047633 sp=0x00007fa02cdebda8 mode 0
Event: 9.903 Thread 0x00007fa044184800 DEOPT PACKING pc=0x00007fa03598819a sp=0x00007fa02cceaeb0
Event: 9.903 Thread 0x00007fa044184800 DEOPT UNPACKING pc=0x00007fa035047633 sp=0x00007fa02cceac28 mode 0
Event: 9.915 Thread 0x00007fa044173800 DEOPT PACKING pc=0x00007fa03530900d sp=0x00007fa02cfedc90
Event: 9.915 Thread 0x00007fa044173800 DEOPT UNPACKING pc=0x00007fa035047633 sp=0x00007fa02cfeda20 mode 0
Event: 9.921 Thread 0x00007fa044183800 DEOPT PACKING pc=0x00007fa03598819a sp=0x00007fa02cdec030
Event: 9.921 Thread 0x00007fa044183800 DEOPT UNPACKING pc=0x00007fa035047633 sp=0x00007fa02cdebda8 mode 0
Event: 9.944 Executing VM operation: ParallelGCFailedAllocation


Dynamic libraries:
00400000-00401000 r-xp 00000000 08:05 275917                             /usr/lib/jvm/java-8-oracle/bin/java
00600000-00601000 rw-p 00000000 08:05 275917                             /usr/lib/jvm/java-8-oracle/bin/java
00e60000-00e81000 rw-p 00000000 00:00 0                                  [heap]
c0000000-c9e00000 rw-p 00000000 00:00 0 
d1400000-eab00000 ---p 00000000 00:00 0 
eab00000-100000000 rw-p 00000000 00:00 0 
100000000-1000a0000 rw-p 00000000 00:00 0 
1000a0000-140000000 ---p 00000000 00:00 0 
7f9fe0000000-7f9fe0056000 rw-p 00000000 00:00 0 
7f9fe0056000-7f9fe4000000 ---p 00000000 00:00 0 
7f9fe8000000-7f9fe8070000 rw-p 00000000 00:00 0 
7f9fe8070000-7f9fec000000 ---p 00000000 00:00 0 
7f9fec000000-7f9fec05c000 rw-p 00000000 00:00 0 
7f9fec05c000-7f9ff0000000 ---p 00000000 00:00 0 
7f9ff0000000-7f9ff005a000 rw-p 00000000 00:00 0 
7f9ff005a000-7f9ff4000000 ---p 00000000 00:00 0 
7f9ff4000000-7f9ff4021000 rw-p 00000000 00:00 0 
7f9ff4021000-7f9ff8000000 ---p 00000000 00:00 0 
7f9ff8000000-7f9ff8021000 rw-p 00000000 00:00 0 
7f9ff8021000-7f9ffc000000 ---p 00000000 00:00 0 
7f9ffc000000-7f9ffc021000 rw-p 00000000 00:00 0 
7f9ffc021000-7fa000000000 ---p 00000000 00:00 0 
7fa000000000-7fa0010c0000 rw-p 00000000 00:00 0 
7fa0010c0000-7fa004000000 ---p 00000000 00:00 0 
7fa004000000-7fa004881000 rw-p 00000000 00:00 0 
7fa004881000-7fa008000000 ---p 00000000 00:00 0 
7fa008000000-7fa008021000 rw-p 00000000 00:00 0 
7fa008021000-7fa00c000000 ---p 00000000 00:00 0 
7fa00c000000-7fa00ce19000 rw-p 00000000 00:00 0 
7fa00ce19000-7fa010000000 ---p 00000000 00:00 0 
7fa010000000-7fa010021000 rw-p 00000000 00:00 0 
7fa010021000-7fa014000000 ---p 00000000 00:00 0 
7fa014000000-7fa014021000 rw-p 00000000 00:00 0 
7fa014021000-7fa018000000 ---p 00000000 00:00 0 
7fa018000000-7fa018021000 rw-p 00000000 00:00 0 
7fa018021000-7fa01c000000 ---p 00000000 00:00 0 
7fa01c000000-7fa01c291000 rw-p 00000000 00:00 0 
7fa01c291000-7fa020000000 ---p 00000000 00:00 0 
7fa020000000-7fa020021000 rw-p 00000000 00:00 0 
7fa020021000-7fa024000000 ---p 00000000 00:00 0 
7fa026708000-7fa028000000 r--p 00000000 08:05 5640487                    /usr/lib/locale/locale-archive
7fa028000000-7fa028021000 rw-p 00000000 00:00 0 
7fa028021000-7fa02c000000 ---p 00000000 00:00 0 
7fa02caeb000-7fa02caee000 ---p 00000000 00:00 0 
7fa02caee000-7fa02cbec000 rw-p 00000000 00:00 0 
7fa02cbec000-7fa02cbef000 ---p 00000000 00:00 0 
7fa02cbef000-7fa02cced000 rw-p 00000000 00:00 0 
7fa02cced000-7fa02ccf0000 ---p 00000000 00:00 0 
7fa02ccf0000-7fa02cdee000 rw-p 00000000 00:00 0 
7fa02cdee000-7fa02cdf1000 ---p 00000000 00:00 0 
7fa02cdf1000-7fa02ceef000 rw-p 00000000 00:00 0 
7fa02ceef000-7fa02cef2000 ---p 00000000 00:00 0 
7fa02cef2000-7fa02cff0000 rw-p 00000000 00:00 0 
7fa02cff0000-7fa02cff1000 ---p 00000000 00:00 0 
7fa02cff1000-7fa02d0f1000 rw-p 00000000 00:00 0 
7fa02d0f1000-7fa02d0f4000 ---p 00000000 00:00 0 
7fa02d0f4000-7fa02d1f2000 rw-p 00000000 00:00 0 
7fa02d1f2000-7fa02d1f5000 ---p 00000000 00:00 0 
7fa02d1f5000-7fa02d2f3000 rw-p 00000000 00:00 0 
7fa02d2f3000-7fa02d2f6000 ---p 00000000 00:00 0 
7fa02d2f6000-7fa02d3f4000 rw-p 00000000 00:00 0 
7fa02d3f4000-7fa02d3f7000 ---p 00000000 00:00 0 
7fa02d3f7000-7fa02d4f5000 rw-p 00000000 00:00 0 
7fa02d4f5000-7fa02d4f8000 ---p 00000000 00:00 0 
7fa02d4f8000-7fa02d5f6000 rw-p 00000000 00:00 0 
7fa02d5f6000-7fa02d5f9000 ---p 00000000 00:00 0 
7fa02d5f9000-7fa02d6f7000 rw-p 00000000 00:00 0 
7fa02d6f7000-7fa02d6fa000 ---p 00000000 00:00 0 
7fa02d6fa000-7fa02d7f8000 rw-p 00000000 00:00 0 
7fa02d7f8000-7fa02d7f9000 ---p 00000000 00:00 0 
7fa02d7f9000-7fa030000000 rw-p 00000000 00:00 0 
7fa030000000-7fa030021000 rw-p 00000000 00:00 0 
7fa030021000-7fa034000000 ---p 00000000 00:00 0 
7fa03409c000-7fa0340f9000 r--s 00542000 00:1e 318633                     /home/izabela/Documentos/2016-02/DES/Desenho2016-02/MeAjuda/app/build/intermediates/multi-dex/debug/allclasses.jar
7fa0340f9000-7fa034e80000 rw-p 00000000 00:00 0 
7fa034e80000-7fa035000000 ---p 00000000 00:00 0 
7fa035000000-7fa0359c0000 rwxp 00000000 00:00 0 
7fa0359c0000-7fa044000000 ---p 00000000 00:00 0 
7fa044000000-7fa0443a0000 rw-p 00000000 00:00 0 
7fa0443a0000-7fa048000000 ---p 00000000 00:00 0 
7fa048001000-7fa048008000 r--s 00000000 08:05 5785687                    /usr/lib/x86_64-linux-gnu/gconv/gconv-modules.cache
7fa048008000-7fa04802a000 r--p 00000000 08:05 794445                     /usr/share/locale-langpack/pt_BR/LC_MESSAGES/libc.mo
7fa04802a000-7fa0481dd000 rw-p 00000000 00:00 0 
7fa0481dd000-7fa0483b6000 r--s 03d29000 08:05 276189                     /usr/lib/jvm/java-8-oracle/jre/lib/rt.jar
7fa0483b6000-7fa04862c000 rw-p 00000000 00:00 0 
7fa04862c000-7fa04862d000 ---p 00000000 00:00 0 
7fa04862d000-7fa04872d000 rw-p 00000000 00:00 0 
7fa04872d000-7fa04872e000 ---p 00000000 00:00 0 
7fa04872e000-7fa04882e000 rw-p 00000000 00:00 0 
7fa04882e000-7fa04882f000 ---p 00000000 00:00 0 
7fa04882f000-7fa04892f000 rw-p 00000000 00:00 0 
7fa04892f000-7fa048930000 ---p 00000000 00:00 0 
7fa048930000-7fa048a7f000 rw-p 00000000 00:00 0 
7fa048a7f000-7fa048b86000 ---p 00000000 00:00 0 
7fa048b86000-7fa048bd5000 rw-p 00000000 00:00 0 
7fa048bd5000-7fa048cdb000 ---p 00000000 00:00 0 
7fa048cdb000-7fa048d86000 rw-p 00000000 00:00 0 
7fa048d86000-7fa048dae000 rw-p 00000000 00:00 0 
7fa048dae000-7fa049147000 ---p 00000000 00:00 0 
7fa049147000-7fa049161000 r-xp 00000000 08:05 276150                     /usr/lib/jvm/java-8-oracle/jre/lib/amd64/libzip.so
7fa049161000-7fa049361000 ---p 0001a000 08:05 276150                     /usr/lib/jvm/java-8-oracle/jre/lib/amd64/libzip.so
7fa049361000-7fa049362000 rw-p 0001a000 08:05 276150                     /usr/lib/jvm/java-8-oracle/jre/lib/amd64/libzip.so
7fa049362000-7fa04936c000 r-xp 00000000 08:05 3421736                    /lib/x86_64-linux-gnu/libnss_files-2.19.so
7fa04936c000-7fa04956b000 ---p 0000a000 08:05 3421736                    /lib/x86_64-linux-gnu/libnss_files-2.19.so
7fa04956b000-7fa04956c000 r--p 00009000 08:05 3421736                    /lib/x86_64-linux-gnu/libnss_files-2.19.so
7fa04956c000-7fa04956d000 rw-p 0000a000 08:05 3421736                    /lib/x86_64-linux-gnu/libnss_files-2.19.so
7fa04956d000-7fa049578000 r-xp 00000000 08:05 3421728                    /lib/x86_64-linux-gnu/libnss_nis-2.19.so
7fa049578000-7fa049777000 ---p 0000b000 08:05 3421728                    /lib/x86_64-linux-gnu/libnss_nis-2.19.so
7fa049777000-7fa049778000 r--p 0000a000 08:05 3421728                    /lib/x86_64-linux-gnu/libnss_nis-2.19.so
7fa049778000-7fa049779000 rw-p 0000b000 08:05 3421728                    /lib/x86_64-linux-gnu/libnss_nis-2.19.so
7fa049779000-7fa049790000 r-xp 00000000 08:05 3421724                    /lib/x86_64-linux-gnu/libnsl-2.19.so
7fa049790000-7fa04998f000 ---p 00017000 08:05 3421724                    /lib/x86_64-linux-gnu/libnsl-2.19.so
7fa04998f000-7fa049990000 r--p 00016000 08:05 3421724                    /lib/x86_64-linux-gnu/libnsl-2.19.so
7fa049990000-7fa049991000 rw-p 00017000 08:05 3421724                    /lib/x86_64-linux-gnu/libnsl-2.19.so
7fa049991000-7fa049993000 rw-p 00000000 00:00 0 
7fa049993000-7fa04999c000 r-xp 00000000 08:05 3421723                    /lib/x86_64-linux-gnu/libnss_compat-2.19.so
7fa04999c000-7fa049b9b000 ---p 00009000 08:05 3421723                    /lib/x86_64-linux-gnu/libnss_compat-2.19.so
7fa049b9b000-7fa049b9c000 r--p 00008000 08:05 3421723                    /lib/x86_64-linux-gnu/libnss_compat-2.19.so
7fa049b9c000-7fa049b9d000 rw-p 00009000 08:05 3421723                    /lib/x86_64-linux-gnu/libnss_compat-2.19.so
7fa049b9d000-7fa049bc7000 r-xp 00000000 08:05 276162                     /usr/lib/jvm/java-8-oracle/jre/lib/amd64/libjava.so
7fa049bc7000-7fa049dc7000 ---p 0002a000 08:05 276162                     /usr/lib/jvm/java-8-oracle/jre/lib/amd64/libjava.so
7fa049dc7000-7fa049dc9000 rw-p 0002a000 08:05 276162                     /usr/lib/jvm/java-8-oracle/jre/lib/amd64/libjava.so
7fa049dc9000-7fa049dd6000 r-xp 00000000 08:05 276135                     /usr/lib/jvm/java-8-oracle/jre/lib/amd64/libverify.so
7fa049dd6000-7fa049fd6000 ---p 0000d000 08:05 276135                     /usr/lib/jvm/java-8-oracle/jre/lib/amd64/libverify.so
7fa049fd6000-7fa049fd8000 rw-p 0000d000 08:05 276135                     /usr/lib/jvm/java-8-oracle/jre/lib/amd64/libverify.so
7fa049fd8000-7fa049fdf000 r-xp 00000000 08:05 3421732                    /lib/x86_64-linux-gnu/librt-2.19.so
7fa049fdf000-7fa04a1de000 ---p 00007000 08:05 3421732                    /lib/x86_64-linux-gnu/librt-2.19.so
7fa04a1de000-7fa04a1df000 r--p 00006000 08:05 3421732                    /lib/x86_64-linux-gnu/librt-2.19.so
7fa04a1df000-7fa04a1e0000 rw-p 00007000 08:05 3421732                    /lib/x86_64-linux-gnu/librt-2.19.so
7fa04a1e0000-7fa04a2e5000 r-xp 00000000 08:05 3421718                    /lib/x86_64-linux-gnu/libm-2.19.so
7fa04a2e5000-7fa04a4e4000 ---p 00105000 08:05 3421718                    /lib/x86_64-linux-gnu/libm-2.19.so
7fa04a4e4000-7fa04a4e5000 r--p 00104000 08:05 3421718                    /lib/x86_64-linux-gnu/libm-2.19.so
7fa04a4e5000-7fa04a4e6000 rw-p 00105000 08:05 3421718                    /lib/x86_64-linux-gnu/libm-2.19.so
7fa04a4e6000-7fa04b1b1000 r-xp 00000000 08:05 276055                     /usr/lib/jvm/java-8-oracle/jre/lib/amd64/server/libjvm.so
7fa04b1b1000-7fa04b3b0000 ---p 00ccb000 08:05 276055                     /usr/lib/jvm/java-8-oracle/jre/lib/amd64/server/libjvm.so
7fa04b3b0000-7fa04b489000 rw-p 00cca000 08:05 276055                     /usr/lib/jvm/java-8-oracle/jre/lib/amd64/server/libjvm.so
7fa04b489000-7fa04b4d4000 rw-p 00000000 00:00 0 
7fa04b4d4000-7fa04b68e000 r-xp 00000000 08:05 3421733                    /lib/x86_64-linux-gnu/libc-2.19.so
7fa04b68e000-7fa04b88e000 ---p 001ba000 08:05 3421733                    /lib/x86_64-linux-gnu/libc-2.19.so
7fa04b88e000-7fa04b892000 r--p 001ba000 08:05 3421733                    /lib/x86_64-linux-gnu/libc-2.19.so
7fa04b892000-7fa04b894000 rw-p 001be000 08:05 3421733                    /lib/x86_64-linux-gnu/libc-2.19.so
7fa04b894000-7fa04b899000 rw-p 00000000 00:00 0 
7fa04b899000-7fa04b89c000 r-xp 00000000 08:05 3421720                    /lib/x86_64-linux-gnu/libdl-2.19.so
7fa04b89c000-7fa04ba9b000 ---p 00003000 08:05 3421720                    /lib/x86_64-linux-gnu/libdl-2.19.so
7fa04ba9b000-7fa04ba9c000 r--p 00002000 08:05 3421720                    /lib/x86_64-linux-gnu/libdl-2.19.so
7fa04ba9c000-7fa04ba9d000 rw-p 00003000 08:05 3421720                    /lib/x86_64-linux-gnu/libdl-2.19.so
7fa04ba9d000-7fa04bab2000 r-xp 00000000 08:05 263226                     /usr/lib/jvm/java-8-oracle/lib/amd64/jli/libjli.so
7fa04bab2000-7fa04bcb2000 ---p 00015000 08:05 263226                     /usr/lib/jvm/java-8-oracle/lib/amd64/jli/libjli.so
7fa04bcb2000-7fa04bcb3000 rw-p 00015000 08:05 263226                     /usr/lib/jvm/java-8-oracle/lib/amd64/jli/libjli.so
7fa04bcb3000-7fa04bccc000 r-xp 00000000 08:05 3421725                    /lib/x86_64-linux-gnu/libpthread-2.19.so
7fa04bccc000-7fa04becb000 ---p 00019000 08:05 3421725                    /lib/x86_64-linux-gnu/libpthread-2.19.so
7fa04becb000-7fa04becc000 r--p 00018000 08:05 3421725                    /lib/x86_64-linux-gnu/libpthread-2.19.so
7fa04becc000-7fa04becd000 rw-p 00019000 08:05 3421725                    /lib/x86_64-linux-gnu/libpthread-2.19.so
7fa04becd000-7fa04bed1000 rw-p 00000000 00:00 0 
7fa04bed1000-7fa04bef4000 r-xp 00000000 08:05 3421726                    /lib/x86_64-linux-gnu/ld-2.19.so
7fa04bef7000-7fa04bfd0000 rw-p 00000000 00:00 0 
7fa04bfd0000-7fa04bfd3000 ---p 00000000 00:00 0 
7fa04bfd3000-7fa04c0d5000 rw-p 00000000 00:00 0 
7fa04c0d7000-7fa04c0d8000 rw-p 00000000 00:00 0 
7fa04c0d8000-7fa04c0e7000 r--s 000df000 00:1e 2108477                    /home/izabela/android-sdk-linux/build-tools/23.0.1/lib/dx.jar
7fa04c0e7000-7fa04c0ef000 rw-s 00000000 08:05 1838603                    /tmp/hsperfdata_izabela/10309
7fa04c0ef000-7fa04c0f0000 rw-p 00000000 00:00 0 
7fa04c0f0000-7fa04c0f1000 ---p 00000000 00:00 0 
7fa04c0f1000-7fa04c0f3000 rw-p 00000000 00:00 0 
7fa04c0f3000-7fa04c0f4000 r--p 00022000 08:05 3421726                    /lib/x86_64-linux-gnu/ld-2.19.so
7fa04c0f4000-7fa04c0f5000 rw-p 00023000 08:05 3421726                    /lib/x86_64-linux-gnu/ld-2.19.so
7fa04c0f5000-7fa04c0f6000 rw-p 00000000 00:00 0 
7ffc70c5e000-7ffc70c80000 rw-p 00000000 00:00 0                          [stack]
7ffc70dcc000-7ffc70dce000 r--p 00000000 00:00 0                          [vvar]
7ffc70dce000-7ffc70dd0000 r-xp 00000000 00:00 0                          [vdso]
ffffffffff600000-ffffffffff601000 r-xp 00000000 00:00 0                  [vsyscall]

VM Arguments:
jvm_args: -Xmx1024M -Dfile.encoding=UTF-8 -Duser.country=US -Duser.language=en -Duser.variant 
java_command: com.android.dx.command.Main --dex --num-threads=4 --multi-dex --main-dex-list /home/izabela/Documentos/2016-02/DES/Desenho2016-02/MeAjuda/app/build/intermediates/multi-dex/debug/maindexlist.txt --output /home/izabela/Documentos/2016-02/DES/Desenho2016-02/MeAjuda/app/build/intermediates/dex/debug /home/izabela/Documentos/2016-02/DES/Desenho2016-02/MeAjuda/app/build/intermediates/multi-dex/debug/allclasses.jar
java_class_path (initial): /home/izabela/android-sdk-linux/build-tools/23.0.1/lib/dx.jar
Launcher Type: SUN_STANDARD

Environment Variables:
PATH=/usr/local/sbin:/usr/local/bin:/usr/sbin:/usr/bin:/sbin:/bin:/usr/games:/usr/local/games:/home/izabela/.rvm/bin:/home/izabela/.rvm/bin
LD_LIBRARY_PATH=.:
SHELL=/bin/bash
DISPLAY=:0

Signal Handlers:
SIGSEGV: [libjvm.so+0xac4790], sa_mask[0]=11111111011111111101111111111110, sa_flags=SA_RESTART|SA_SIGINFO
SIGBUS: [libjvm.so+0xac4790], sa_mask[0]=11111111011111111101111111111110, sa_flags=SA_RESTART|SA_SIGINFO
SIGFPE: [libjvm.so+0x91f140], sa_mask[0]=11111111011111111101111111111110, sa_flags=SA_RESTART|SA_SIGINFO
SIGPIPE: [libjvm.so+0x91f140], sa_mask[0]=11111111011111111101111111111110, sa_flags=SA_RESTART|SA_SIGINFO
SIGXFSZ: [libjvm.so+0x91f140], sa_mask[0]=11111111011111111101111111111110, sa_flags=SA_RESTART|SA_SIGINFO
SIGILL: [libjvm.so+0x91f140], sa_mask[0]=11111111011111111101111111111110, sa_flags=SA_RESTART|SA_SIGINFO
SIGUSR1: SIG_DFL, sa_mask[0]=00000000000000000000000000000000, sa_flags=none
SIGUSR2: [libjvm.so+0x920770], sa_mask[0]=00100000000000000000000000000000, sa_flags=SA_RESTART|SA_SIGINFO
SIGHUP: [libjvm.so+0x921b70], sa_mask[0]=11111111011111111101111111111110, sa_flags=SA_RESTART|SA_SIGINFO
SIGINT: [libjvm.so+0x921b70], sa_mask[0]=11111111011111111101111111111110, sa_flags=SA_RESTART|SA_SIGINFO
SIGTERM: [libjvm.so+0x921b70], sa_mask[0]=11111111011111111101111111111110, sa_flags=SA_RESTART|SA_SIGINFO
SIGQUIT: [libjvm.so+0x921b70], sa_mask[0]=11111111011111111101111111111110, sa_flags=SA_RESTART|SA_SIGINFO


---------------  S Y S T E M  ---------------

OS:DISTRIB_ID="elementary OS"
DISTRIB_RELEASE=0.3.2
DISTRIB_CODENAME=freya
DISTRIB_DESCRIPTION="elementary OS Freya"

uname:Linux 4.4.0-42-generic #62~14.04.1-Ubuntu SMP Fri Oct 7 23:15:48 UTC 2016 x86_64
libc:glibc 2.19 NPTL 2.19 
rlimit: STACK 8192k, CORE 0k, NPROC 30703, NOFILE 4096, AS infinity
load average:12.48 4.00 2.27

/proc/meminfo:
MemTotal:        8087684 kB
MemFree:          136256 kB
MemAvailable:      42656 kB
Buffers:             320 kB
Cached:           705656 kB
SwapCached:            0 kB
Active:          7063936 kB
Inactive:         579356 kB
Active(anon):    7060708 kB
Inactive(anon):   564820 kB
Active(file):       3228 kB
Inactive(file):    14536 kB
Unevictable:         100 kB
Mlocked:             100 kB
SwapTotal:             0 kB
SwapFree:              0 kB
Dirty:               584 kB
Writeback:             0 kB
AnonPages:       6938560 kB
Mapped:           246084 kB
Shmem:            687068 kB
Slab:             142720 kB
SReclaimable:      72884 kB
SUnreclaim:        69836 kB
KernelStack:       13760 kB
PageTables:        49460 kB
NFS_Unstable:          0 kB
Bounce:                0 kB
WritebackTmp:          0 kB
CommitLimit:     4043840 kB
Committed_AS:   12897628 kB
VmallocTotal:   34359738367 kB
VmallocUsed:           0 kB
VmallocChunk:          0 kB
HardwareCorrupted:     0 kB
AnonHugePages:   2961408 kB
CmaTotal:              0 kB
CmaFree:               0 kB
HugePages_Total:       0
HugePages_Free:        0
HugePages_Rsvd:        0
HugePages_Surp:        0
Hugepagesize:       2048 kB
DirectMap4k:      205760 kB
DirectMap2M:     5998592 kB
DirectMap1G:     3145728 kB


CPU:total 4 (2 cores per cpu, 2 threads per core) family 6 model 61 stepping 4, cmov, cx8, fxsr, mmx, sse, sse2, sse3, ssse3, sse4.1, sse4.2, popcnt, avx, avx2, aes, clmul, erms, 3dnowpref, lzcnt, ht, tsc, tscinvbit, bmi1, bmi2, adx

/proc/cpuinfo:
processor	: 0
vendor_id	: GenuineIntel
cpu family	: 6
model		: 61
model name	: Intel(R) Core(TM) i7-5500U CPU @ 2.40GHz
stepping	: 4
microcode	: 0x1f
cpu MHz		: 2865.562
cache size	: 4096 KB
physical id	: 0
siblings	: 4
core id		: 0
cpu cores	: 2
apicid		: 0
initial apicid	: 0
fpu		: yes
fpu_exception	: yes
cpuid level	: 20
wp		: yes
flags		: fpu vme de pse tsc msr pae mce cx8 apic sep mtrr pge mca cmov pat pse36 clflush dts acpi mmx fxsr sse sse2 ss ht tm pbe syscall nx pdpe1gb rdtscp lm constant_tsc arch_perfmon pebs bts rep_good nopl xtopology nonstop_tsc aperfmperf eagerfpu pni pclmulqdq dtes64 monitor ds_cpl vmx est tm2 ssse3 sdbg fma cx16 xtpr pdcm pcid sse4_1 sse4_2 x2apic movbe popcnt tsc_deadline_timer aes xsave avx f16c rdrand lahf_lm abm 3dnowprefetch epb intel_pt tpr_shadow vnmi flexpriority ept vpid fsgsbase tsc_adjust bmi1 avx2 smep bmi2 erms invpcid rdseed adx smap xsaveopt dtherm ida arat pln pts
bugs		:
bogomips	: 4788.67
clflush size	: 64
cache_alignment	: 64
address sizes	: 39 bits physical, 48 bits virtual
power management:

processor	: 1
vendor_id	: GenuineIntel
cpu family	: 6
model		: 61
model name	: Intel(R) Core(TM) i7-5500U CPU @ 2.40GHz
stepping	: 4
microcode	: 0x1f
cpu MHz		: 1724.156
cache size	: 4096 KB
physical id	: 0
siblings	: 4
core id		: 1
cpu cores	: 2
apicid		: 2
initial apicid	: 2
fpu		: yes
fpu_exception	: yes
cpuid level	: 20
wp		: yes
flags		: fpu vme de pse tsc msr pae mce cx8 apic sep mtrr pge mca cmov pat pse36 clflush dts acpi mmx fxsr sse sse2 ss ht tm pbe syscall nx pdpe1gb rdtscp lm constant_tsc arch_perfmon pebs bts rep_good nopl xtopology nonstop_tsc aperfmperf eagerfpu pni pclmulqdq dtes64 monitor ds_cpl vmx est tm2 ssse3 sdbg fma cx16 xtpr pdcm pcid sse4_1 sse4_2 x2apic movbe popcnt tsc_deadline_timer aes xsave avx f16c rdrand lahf_lm abm 3dnowprefetch epb intel_pt tpr_shadow vnmi flexpriority ept vpid fsgsbase tsc_adjust bmi1 avx2 smep bmi2 erms invpcid rdseed adx smap xsaveopt dtherm ida arat pln pts
bugs		:
bogomips	: 4788.67
clflush size	: 64
cache_alignment	: 64
address sizes	: 39 bits physical, 48 bits virtual
power management:

processor	: 2
vendor_id	: GenuineIntel
cpu family	: 6
model		: 61
model name	: Intel(R) Core(TM) i7-5500U CPU @ 2.40GHz
stepping	: 4
microcode	: 0x1f
cpu MHz		: 2400.000
cache size	: 4096 KB
physical id	: 0
siblings	: 4
core id		: 0
cpu cores	: 2
apicid		: 1
initial apicid	: 1
fpu		: yes
fpu_exception	: yes
cpuid level	: 20
wp		: yes
flags		: fpu vme de pse tsc msr pae mce cx8 apic sep mtrr pge mca cmov pat pse36 clflush dts acpi mmx fxsr sse sse2 ss ht tm pbe syscall nx pdpe1gb rdtscp lm constant_tsc arch_perfmon pebs bts rep_good nopl xtopology nonstop_tsc aperfmperf eagerfpu pni pclmulqdq dtes64 monitor ds_cpl vmx est tm2 ssse3 sdbg fma cx16 xtpr pdcm pcid sse4_1 sse4_2 x2apic movbe popcnt tsc_deadline_timer aes xsave avx f16c rdrand lahf_lm abm 3dnowprefetch epb intel_pt tpr_shadow vnmi flexpriority ept vpid fsgsbase tsc_adjust bmi1 avx2 smep bmi2 erms invpcid rdseed adx smap xsaveopt dtherm ida arat pln pts
bugs		:
bogomips	: 4788.67
clflush size	: 64
cache_alignment	: 64
address sizes	: 39 bits physical, 48 bits virtual
power management:

processor	: 3
vendor_id	: GenuineIntel
cpu family	: 6
model		: 61
model name	: Intel(R) Core(TM) i7-5500U CPU @ 2.40GHz
stepping	: 4
microcode	: 0x1f
cpu MHz		: 2469.656
cache size	: 4096 KB
physical id	: 0
siblings	: 4
core id		: 1
cpu cores	: 2
apicid		: 3
initial apicid	: 3
fpu		: yes
fpu_exception	: yes
cpuid level	: 20
wp		: yes
flags		: fpu vme de pse tsc msr pae mce cx8 apic sep mtrr pge mca cmov pat pse36 clflush dts acpi mmx fxsr sse sse2 ss ht tm pbe syscall nx pdpe1gb rdtscp lm constant_tsc arch_perfmon pebs bts rep_good nopl xtopology nonstop_tsc aperfmperf eagerfpu pni pclmulqdq dtes64 monitor ds_cpl vmx est tm2 ssse3 sdbg fma cx16 xtpr pdcm pcid sse4_1 sse4_2 x2apic movbe popcnt tsc_deadline_timer aes xsave avx f16c rdrand lahf_lm abm 3dnowprefetch epb intel_pt tpr_shadow vnmi flexpriority ept vpid fsgsbase tsc_adjust bmi1 avx2 smep bmi2 erms invpcid rdseed adx smap xsaveopt dtherm ida arat pln pts
bugs		:
bogomips	: 4788.67
clflush size	: 64
cache_alignment	: 64
address sizes	: 39 bits physical, 48 bits virtual
power management:



Memory: 4k page, physical 8087684k(135512k free), swap 0k(0k free)

vm_info: Java HotSpot(TM) 64-Bit Server VM (25.101-b13) for linux-amd64 JRE (1.8.0_101-b13), built on Jun 22 2016 02:59:44 by "java_re" with gcc 4.3.0 20080428 (Red Hat 4.3.0-8)

time: Mon Oct 17 22:34:35 2016
elapsed time: 32 seconds (0d 0h 0m 32s)

